<?xml version="1.0" encoding="UTF-8"?>
<!-- Generated by org.testng.reporters.JUnitReportReporter -->
<testsuite hostname="SS-2017-03-112" failures="0" tests="1" name="A_package.navigationBar" time="0.059" errors="0" timestamp="2022-08-25T18:38:40 IST" skipped="0">
  <testcase classname="A_package.navigationBar" name="validationBar" time="0.059"/>
  <system-out/>
</testsuite> <!-- A_package.navigationBar -->
