<?xml version="1.0" encoding="UTF-8"?>
<!-- Generated by org.testng.reporters.JUnitReportReporter -->
<testsuite hostname="SS-2017-03-112" failures="0" tests="1" name="A_package.navigationBar" time="0.061" errors="0" timestamp="2022-08-24T15:52:15 IST" skipped="0">
  <testcase classname="A_package.navigationBar" name="validationBar" time="0.061"/>
  <system-out/>
</testsuite> <!-- A_package.navigationBar -->
