<?xml version="1.0" encoding="UTF-8"?>
<!-- Generated by org.testng.reporters.JUnitReportReporter -->
<testsuite hostname="SS-2017-03-112" failures="0" tests="2" name="A_package.HomePage" time="4.314" errors="0" timestamp="2022-08-25T18:38:40 IST" skipped="0">
  <testcase classname="A_package.HomePage" name="pageNavigation" time="2.604"/>
  <system-out/>
  <testcase classname="A_package.HomePage" name="pageNavigation" time="1.710"/>
  <system-out/>
</testsuite> <!-- A_package.HomePage -->
