<?xml version="1.0" encoding="UTF-8"?>
<!-- Generated by org.testng.reporters.JUnitReportReporter -->
<testsuite hostname="SS-2017-03-112" failures="0" tests="2" name="A_package.App" time="5.138" errors="0" timestamp="2022-08-16T15:19:29 IST" skipped="0">
  <testcase classname="A_package.App" name="pageNavigation" time="1.954"/>
  <system-out/>
  <testcase classname="A_package.App" name="pageNavigation" time="3.184"/>
  <system-out/>
</testsuite> <!-- A_package.App -->
