<?xml version="1.0" encoding="UTF-8"?>
<!-- Generated by org.testng.reporters.JUnitReportReporter -->
<testsuite hostname="SS-2017-03-112" failures="0" tests="1" name="pkg_office.sign_in" time="12.162" errors="0" timestamp="2022-08-18T11:42:53 IST" skipped="0">
  <testcase classname="pkg_office.sign_in" name="pageNavigation" time="12.162"/>
  <system-out/>
</testsuite> <!-- pkg_office.sign_in -->
