<?xml version="1.0" encoding="UTF-8"?>
<!-- Generated by org.testng.reporters.JUnitReportReporter -->
<testsuite hostname="SS-2017-03-112" failures="0" tests="1" name="practice.Assignment4" time="3.518" errors="0" timestamp="2022-09-20T17:44:34 IST" skipped="0">
  <testcase classname="practice.Assignment4" name="test4" time="3.518"/>
  <system-out/>
</testsuite> <!-- practice.Assignment4 -->
