<?xml version="1.0" encoding="UTF-8"?>
<!-- Generated by org.testng.reporters.JUnitReportReporter -->
<testsuite hostname="SS-2017-03-112" failures="0" tests="1" name="practice.Assignment3" time="9.720" errors="0" timestamp="2022-09-13T18:29:06 IST" skipped="0">
  <testcase classname="practice.Assignment3" name="test3" time="9.720"/>
  <system-out/>
</testsuite> <!-- practice.Assignment3 -->
