<?xml version="1.0" encoding="UTF-8"?>
<!-- Generated by org.testng.reporters.JUnitReportReporter -->
<testsuite hostname="SS-2017-03-112" failures="0" tests="1" name="practice.Assignment1" time="5.877" errors="0" timestamp="2022-08-25T10:30:05 IST" skipped="0">
  <testcase classname="practice.Assignment1" name="test1" time="5.877"/>
  <system-out/>
</testsuite> <!-- practice.Assignment1 -->
