<?xml version="1.0" encoding="UTF-8"?>
<!-- Generated by org.testng.reporters.JUnitReportReporter -->
<testsuite hostname="SS-2017-03-112" failures="0" tests="1" name="practice.Assignment1" time="3.742" errors="0" timestamp="2022-09-13T18:29:06 IST" skipped="0">
  <testcase classname="practice.Assignment1" name="test1" time="3.742"/>
  <system-out/>
</testsuite> <!-- practice.Assignment1 -->
