<?xml version="1.0" encoding="UTF-8"?>
<!-- Generated by org.testng.reporters.JUnitReportReporter -->
<testsuite hostname="SS-2017-03-112" failures="0" tests="1" name="practice.Assignment5" time="13.276" errors="0" timestamp="2022-08-25T10:30:05 IST" skipped="0">
  <testcase classname="practice.Assignment5" name="test5" time="13.276"/>
  <system-out/>
</testsuite> <!-- practice.Assignment5 -->
