<?xml version="1.0" encoding="UTF-8"?>
<!-- Generated by org.testng.reporters.JUnitReportReporter -->
<testsuite hostname="SS-2017-03-112" failures="0" tests="1" name="practice.Assignment1" time="10.436" errors="0" timestamp="2022-08-23T14:52:27 IST" skipped="0">
  <testcase classname="practice.Assignment1" name="test1" time="10.436"/>
  <system-out/>
</testsuite> <!-- practice.Assignment1 -->
