<?xml version="1.0" encoding="UTF-8"?>
<!-- Generated by org.testng.reporters.JUnitReportReporter -->
<testsuite hostname="SS-2017-03-112" failures="0" tests="1" name="practice.Assignment6" time="5.671" errors="0" timestamp="2022-08-25T10:30:05 IST" skipped="0">
  <testcase classname="practice.Assignment6" name="test6" time="5.671"/>
  <system-out/>
</testsuite> <!-- practice.Assignment6 -->
